<?xml version="1.0" encoding="UTF-8"?>
<!-- Generated by org.testng.reporters.JUnitReportReporter -->
<testsuite skipped="0" hostname="LAPTOP-3EH6PELK" name="api.test.RestassuredAddAndDelete" tests="1" failures="0" timestamp="15 Oct 2018 07:20:50 GMT" time="5.817" errors="0">
  <testcase name="addAndDeleteplace" time="5.817" classname="api.test.RestassuredAddAndDelete"/>
</testsuite> <!-- api.test.RestassuredAddAndDelete -->
