<?xml version="1.0" encoding="UTF-8"?>
<!-- Generated by org.testng.reporters.JUnitReportReporter -->
<testsuite skipped="0" hostname="LAPTOP-3EH6PELK" name="api.test.BasicsAssured" tests="1" failures="0" timestamp="18 Jan 2019 00:41:02 GMT" time="3.921" errors="0">
  <testcase name="test" time="3.921" classname="api.test.BasicsAssured"/>
</testsuite> <!-- api.test.BasicsAssured -->
