<?xml version="1.0" encoding="UTF-8"?>
<!-- Generated by org.testng.reporters.JUnitReportReporter -->
<testsuite skipped="0" hostname="LAPTOP-3EH6PELK" name="api.test.RestassuredPost" tests="1" failures="0" timestamp="18 Jan 2019 00:47:07 GMT" time="2.125" errors="0">
  <testcase name="postReq" time="2.125" classname="api.test.RestassuredPost"/>
</testsuite> <!-- api.test.RestassuredPost -->
