<?xml version="1.0" encoding="UTF-8"?>
<!-- Generated by org.testng.reporters.JUnitReportReporter -->
<testsuite skipped="0" hostname="LAPTOP-3EH6PELK" name="api.test.BasicsAssured2" tests="1" failures="0" timestamp="18 Jan 2019 00:43:25 GMT" time="3.519" errors="0">
  <testcase name="test" time="3.519" classname="api.test.BasicsAssured2"/>
</testsuite> <!-- api.test.BasicsAssured2 -->
